Using pre-set license
Built from '2020.3/staging' branch; Version is '2020.3.24f1 (79c78de19888) revision 7980941'; Using compiler version '192528614'; Build Type 'Release'
OS: 'Windows 11  (10.0.22000) 64bit Core' Language: 'en' Physical Memory: 16045 MB
BatchMode: 1, IsHumanControllingUs: 0, StartBugReporterOnCrash: 0, Is64bit: 1, IsPro: 0

COMMAND LINE ARGUMENTS:
D:\Unity Editors\2020.3.24f1\Editor\Unity.exe
-adb2
-batchMode
-noUpm
-name
AssetImportWorker0
-projectPath
D:/RayQubeProjects/DETPathFinder
-logFile
Logs/AssetImportWorker0.log
-srvPort
51634
Successfully changed project path to: D:/RayQubeProjects/DETPathFinder
D:/RayQubeProjects/DETPathFinder
Using Asset Import Pipeline V2.
Refreshing native plugins compatible for Editor in 21.59 ms, found 2 plugins.
Preloading 0 native plugins for Editor in 0.00 ms.
Initialize engine version: 2020.3.24f1 (79c78de19888)
[Subsystems] Discovering subsystems at path D:/Unity Editors/2020.3.24f1/Editor/Data/Resources/UnitySubsystems
[Subsystems] Discovering subsystems at path D:/RayQubeProjects/DETPathFinder/Assets
GfxDevice: creating device client; threaded=0
Direct3D:
    Version:  Direct3D 11.0 [level 11.1]
    Renderer: NVIDIA GeForce RTX 3070 Laptop GPU (ID=0x249d)
    Vendor:   
    VRAM:     8044 MB
    Driver:   30.0.15.1137
Initialize mono
Mono path[0] = 'D:/Unity Editors/2020.3.24f1/Editor/Data/Managed'
Mono path[1] = 'D:/Unity Editors/2020.3.24f1/Editor/Data/MonoBleedingEdge/lib/mono/unityjit'
Mono config path = 'D:/Unity Editors/2020.3.24f1/Editor/Data/MonoBleedingEdge/etc'
Using monoOptions --debugger-agent=transport=dt_socket,embedding=1,server=y,suspend=n,address=127.0.0.1:56200
Begin MonoManager ReloadAssembly
Registering precompiled unity dll's ...
Register platform support module: D:/Unity Editors/2020.3.24f1/Editor/Data/PlaybackEngines/WindowsStandaloneSupport/UnityEditor.WindowsStandalone.Extensions.dll
Registered in 0.000566 seconds.
Native extension for WindowsStandalone target not found
Refreshing native plugins compatible for Editor in 21.42 ms, found 2 plugins.
Preloading 0 native plugins for Editor in 0.00 ms.
Mono: successfully reloaded assembly
- Completed reload, in  0.384 seconds
Domain Reload Profiling:
	ReloadAssembly (384ms)
		BeginReloadAssembly (34ms)
			ExecutionOrderSort (0ms)
			DisableScriptedObjects (0ms)
			BackupInstance (0ms)
			ReleaseScriptingObjects (0ms)
			CreateAndSetChildDomain (1ms)
		EndReloadAssembly (299ms)
			LoadAssemblies (34ms)
			RebuildTransferFunctionScriptingTraits (0ms)
			SetupTypeCache (98ms)
			ReleaseScriptCaches (0ms)
			RebuildScriptCaches (22ms)
			SetupLoadedEditorAssemblies (111ms)
				LogAssemblyErrors (0ms)
				InitializePlatformSupportModulesInManaged (3ms)
				SetLoadedEditorAssemblies (0ms)
				RefreshPlugins (21ms)
				BeforeProcessingInitializeOnLoad (12ms)
				ProcessInitializeOnLoadAttributes (55ms)
				ProcessInitializeOnLoadMethodAttributes (19ms)
				AfterProcessingInitializeOnLoad (0ms)
				EditorAssembliesLoaded (0ms)
			ExecutionOrderSort2 (0ms)
			AwakeInstancesAfterBackupRestoration (0ms)
Platform modules already initialized, skipping
Registering precompiled user dll's ...
Registered in 0.001032 seconds.
Begin MonoManager ReloadAssembly
Native extension for WindowsStandalone target not found
Refreshing native plugins compatible for Editor in 0.27 ms, found 2 plugins.
Preloading 0 native plugins for Editor in 0.00 ms.
Mono: successfully reloaded assembly
- Completed reload, in  0.667 seconds
Domain Reload Profiling:
	ReloadAssembly (667ms)
		BeginReloadAssembly (90ms)
			ExecutionOrderSort (0ms)
			DisableScriptedObjects (3ms)
			BackupInstance (0ms)
			ReleaseScriptingObjects (0ms)
			CreateAndSetChildDomain (15ms)
		EndReloadAssembly (540ms)
			LoadAssemblies (53ms)
			RebuildTransferFunctionScriptingTraits (0ms)
			SetupTypeCache (181ms)
			ReleaseScriptCaches (0ms)
			RebuildScriptCaches (32ms)
			SetupLoadedEditorAssemblies (216ms)
				LogAssemblyErrors (0ms)
				InitializePlatformSupportModulesInManaged (3ms)
				SetLoadedEditorAssemblies (0ms)
				RefreshPlugins (0ms)
				BeforeProcessingInitializeOnLoad (62ms)
				ProcessInitializeOnLoadAttributes (142ms)
				ProcessInitializeOnLoadMethodAttributes (6ms)
				AfterProcessingInitializeOnLoad (1ms)
				EditorAssembliesLoaded (0ms)
			ExecutionOrderSort2 (0ms)
			AwakeInstancesAfterBackupRestoration (4ms)
Platform modules already initialized, skipping
========================================================================
Worker process is ready to serve import requests
Launched and connected shader compiler UnityShaderCompiler.exe after 0.06 seconds
Refreshing native plugins compatible for Editor in 0.25 ms, found 2 plugins.
Preloading 0 native plugins for Editor in 0.00 ms.
Unloading 1540 Unused Serialized files (Serialized files now loaded: 0)
System memory in use before: 71.8 MB.
System memory in use after: 71.9 MB.

Unloading 16 unused Assets to reduce memory usage. Loaded Objects now: 1977.
Total: 2.151200 ms (FindLiveObjects: 0.099800 ms CreateObjectMapping: 0.025300 ms MarkObjects: 1.963700 ms  DeleteObjects: 0.061100 ms)

AssetImportParameters requested are different than current active one (requested -> active):
  custom:framework-win-MediaFoundation: 216162199b28c13a410421893ffa2e32 -> 
  custom:video-decoder-ogg-theora: a1e56fd34408186e4bbccfd4996cb3dc -> 
  custom:container-muxer-webm: aa71ff27fc2769a1b78a27578f13a17b -> 
  custom:container-demuxer-webm: 4f35f7cbe854078d1ac9338744f61a02 -> 
  custom:container-demuxer-ogg: 62fdf1f143b41e24485cea50d1cbac27 -> 
  custom:video-encoder-webm-vp8: eb34c28f22e8b96e1ab97ce403110664 -> 
  custom:video-codec-MediaFoundation-h265: 746d11721c4dcdbdad8f713fa42b33f4 -> 
  custom:video-decoder-webm-vp8: 9c59270c3fd7afecdb556c50c9e8de78 -> 
  custom:audio-decoder-ogg-vorbis: bf7c407c2cedff20999df2af8eb42d56 -> 
  custom:audio-encoder-webm-vorbis: bf7c407c2cedff20999df2af8eb42d56 -> 
========================================================================
Received Import Request.
  path: Assets/2D Assets/UI/New
  artifactKey: Guid(8ab7a1eb8d6d70645a8e568123c63428) Importer(815301076,1909f56bfc062723c751e8b465ee728b)
Start importing Assets/2D Assets/UI/New using Guid(8ab7a1eb8d6d70645a8e568123c63428) Importer(815301076,1909f56bfc062723c751e8b465ee728b)  -> (artifact id: '6792d821e062ed435c469587cf2bfc7f') in 0.006626 seconds 
  Import took 0.008493 seconds .

========================================================================
Received Import Request.
  Time since last request: 27.364449 seconds.
  path: Assets/2D Assets/UI/New/1b-wayfinder.png
  artifactKey: Guid(b3db01006d37485458cbcfbacfe02232) Importer(815301076,1909f56bfc062723c751e8b465ee728b)
Start importing Assets/2D Assets/UI/New/1b-wayfinder.png using Guid(b3db01006d37485458cbcfbacfe02232) Importer(815301076,1909f56bfc062723c751e8b465ee728b)  -> (artifact id: '1beb397550ccad970a07b82bb80b8d50') in 0.053158 seconds 
  Import took 0.055457 seconds .

========================================================================
Received Import Request.
  Time since last request: 0.000182 seconds.
  path: Assets/2D Assets/UI/New/6-wayfinder.png
  artifactKey: Guid(e130573f6a8ff2849a6c963ff9524e61) Importer(815301076,1909f56bfc062723c751e8b465ee728b)
Start importing Assets/2D Assets/UI/New/6-wayfinder.png using Guid(e130573f6a8ff2849a6c963ff9524e61) Importer(815301076,1909f56bfc062723c751e8b465ee728b)  -> (artifact id: '9796c8fc3094197d83de3431bd366625') in 0.015649 seconds 
  Import took 0.017498 seconds .

========================================================================
Received Import Request.
  Time since last request: 0.000146 seconds.
  path: Assets/2D Assets/UI/New/7-wayfinder.png
  artifactKey: Guid(6923ce0f71a3e6f4f87801fac2849ade) Importer(815301076,1909f56bfc062723c751e8b465ee728b)
Start importing Assets/2D Assets/UI/New/7-wayfinder.png using Guid(6923ce0f71a3e6f4f87801fac2849ade) Importer(815301076,1909f56bfc062723c751e8b465ee728b)  -> (artifact id: '02386de734b7dd513c038596713fca30') in 0.008691 seconds 
  Import took 0.010634 seconds .

========================================================================
Received Import Request.
  Time since last request: 0.000202 seconds.
  path: Assets/2D Assets/UI/New/14c-wayfinder.png
  artifactKey: Guid(714df32c2f9b8c443bff44da7894088b) Importer(815301076,1909f56bfc062723c751e8b465ee728b)
Start importing Assets/2D Assets/UI/New/14c-wayfinder.png using Guid(714df32c2f9b8c443bff44da7894088b) Importer(815301076,1909f56bfc062723c751e8b465ee728b)  -> (artifact id: '136d7d02cf21233763a663b2d3e664f6') in 0.008129 seconds 
  Import took 0.009969 seconds .

========================================================================
Received Import Request.
  Time since last request: 0.000141 seconds.
  path: Assets/2D Assets/UI/New/2-wayfinder.png
  artifactKey: Guid(9ee04fa41659f9c46ad99ccb411cf2e6) Importer(815301076,1909f56bfc062723c751e8b465ee728b)
Start importing Assets/2D Assets/UI/New/2-wayfinder.png using Guid(9ee04fa41659f9c46ad99ccb411cf2e6) Importer(815301076,1909f56bfc062723c751e8b465ee728b)  -> (artifact id: 'e6ed3da9f157dba9d0b4808cf9462132') in 0.007770 seconds 
  Import took 0.009623 seconds .

========================================================================
Received Import Request.
  Time since last request: 0.000187 seconds.
  path: Assets/2D Assets/UI/New/14e-wayfinder.png
  artifactKey: Guid(3830f73041c88d84cb83f75504cf2bdf) Importer(815301076,1909f56bfc062723c751e8b465ee728b)
Start importing Assets/2D Assets/UI/New/14e-wayfinder.png using Guid(3830f73041c88d84cb83f75504cf2bdf) Importer(815301076,1909f56bfc062723c751e8b465ee728b)  -> (artifact id: '9fe68ef50b10bfe627676702e5a49825') in 0.008706 seconds 
  Import took 0.011110 seconds .

========================================================================
Received Import Request.
  Time since last request: 0.000210 seconds.
  path: Assets/2D Assets/UI/New/14-wayfinder.png
  artifactKey: Guid(e0ba280bfb7fbe5468b979fccf2d26ce) Importer(815301076,1909f56bfc062723c751e8b465ee728b)
Start importing Assets/2D Assets/UI/New/14-wayfinder.png using Guid(e0ba280bfb7fbe5468b979fccf2d26ce) Importer(815301076,1909f56bfc062723c751e8b465ee728b)  -> (artifact id: 'cd1417767a84c45df866e48ba21ca672') in 0.007600 seconds 
  Import took 0.009403 seconds .

========================================================================
Received Import Request.
  Time since last request: 0.000214 seconds.
  path: Assets/2D Assets/UI/New/5-wayfinder.png
  artifactKey: Guid(3079ee625088bcf478156960df76d9ee) Importer(815301076,1909f56bfc062723c751e8b465ee728b)
Start importing Assets/2D Assets/UI/New/5-wayfinder.png using Guid(3079ee625088bcf478156960df76d9ee) Importer(815301076,1909f56bfc062723c751e8b465ee728b)  -> (artifact id: 'ac01480b8c11e502dd6d6a9fb406ed67') in 0.008680 seconds 
  Import took 0.010618 seconds .

========================================================================
Received Import Request.
  Time since last request: 0.000134 seconds.
  path: Assets/2D Assets/UI/New/14d-wayfinder.png
  artifactKey: Guid(ddca883b4e4182a4ea028ac499534fa2) Importer(815301076,1909f56bfc062723c751e8b465ee728b)
Start importing Assets/2D Assets/UI/New/14d-wayfinder.png using Guid(ddca883b4e4182a4ea028ac499534fa2) Importer(815301076,1909f56bfc062723c751e8b465ee728b)  -> (artifact id: '8effc4ab8561902694e248241df6b921') in 0.008865 seconds 
  Import took 0.010815 seconds .

========================================================================
Received Import Request.
  Time since last request: 0.000204 seconds.
  path: Assets/2D Assets/UI/New/14b-wayfinder.png
  artifactKey: Guid(33a412e0d094b274a9208d24c99267d7) Importer(815301076,1909f56bfc062723c751e8b465ee728b)
Start importing Assets/2D Assets/UI/New/14b-wayfinder.png using Guid(33a412e0d094b274a9208d24c99267d7) Importer(815301076,1909f56bfc062723c751e8b465ee728b)  -> (artifact id: 'ec617cbb7cd4fee54efea28355b86947') in 0.007809 seconds 
  Import took 0.009649 seconds .

========================================================================
Received Import Request.
  Time since last request: 26.256169 seconds.
  path: Assets/2D Assets/UI/New/14-wayfinder.png
  artifactKey: Guid(e0ba280bfb7fbe5468b979fccf2d26ce) Importer(815301076,1909f56bfc062723c751e8b465ee728b)
Start importing Assets/2D Assets/UI/New/14-wayfinder.png using Guid(e0ba280bfb7fbe5468b979fccf2d26ce) Importer(815301076,1909f56bfc062723c751e8b465ee728b)  -> (artifact id: '1b6fe0ff2530bb0c3785af82b1ed37dd') in 0.034317 seconds 
  Import took 0.036535 seconds .

========================================================================
Received Import Request.
  Time since last request: 0.000265 seconds.
  path: Assets/2D Assets/UI/New/14c-wayfinder.png
  artifactKey: Guid(714df32c2f9b8c443bff44da7894088b) Importer(815301076,1909f56bfc062723c751e8b465ee728b)
Start importing Assets/2D Assets/UI/New/14c-wayfinder.png using Guid(714df32c2f9b8c443bff44da7894088b) Importer(815301076,1909f56bfc062723c751e8b465ee728b)  -> (artifact id: '698a0bb1266426feae3ec32e31caa038') in 0.012816 seconds 
  Import took 0.014972 seconds .

========================================================================
Received Import Request.
  Time since last request: 0.000141 seconds.
  path: Assets/2D Assets/UI/New/14e-wayfinder.png
  artifactKey: Guid(3830f73041c88d84cb83f75504cf2bdf) Importer(815301076,1909f56bfc062723c751e8b465ee728b)
Start importing Assets/2D Assets/UI/New/14e-wayfinder.png using Guid(3830f73041c88d84cb83f75504cf2bdf) Importer(815301076,1909f56bfc062723c751e8b465ee728b)  -> (artifact id: '4b84099d6c458b99c413fc15536a155a') in 0.012538 seconds 
  Import took 0.014505 seconds .

========================================================================
Received Import Request.
  Time since last request: 0.000181 seconds.
  path: Assets/2D Assets/UI/New/14d-wayfinder.png
  artifactKey: Guid(ddca883b4e4182a4ea028ac499534fa2) Importer(815301076,1909f56bfc062723c751e8b465ee728b)
Start importing Assets/2D Assets/UI/New/14d-wayfinder.png using Guid(ddca883b4e4182a4ea028ac499534fa2) Importer(815301076,1909f56bfc062723c751e8b465ee728b)  -> (artifact id: '7174fb7e486996b0cd05ba8920f55eee') in 0.011144 seconds 
  Import took 0.013156 seconds .

========================================================================
Received Import Request.
  Time since last request: 0.000289 seconds.
  path: Assets/2D Assets/UI/New/14b-wayfinder.png
  artifactKey: Guid(33a412e0d094b274a9208d24c99267d7) Importer(815301076,1909f56bfc062723c751e8b465ee728b)
Start importing Assets/2D Assets/UI/New/14b-wayfinder.png using Guid(33a412e0d094b274a9208d24c99267d7) Importer(815301076,1909f56bfc062723c751e8b465ee728b)  -> (artifact id: '5888aaf43b1788c2ca8280e19e59f811') in 0.011481 seconds 
  Import took 0.013394 seconds .

========================================================================
Received Import Request.
  Time since last request: 165.175177 seconds.
  path: Assets/Animation&Animators
  artifactKey: Guid(9864a0172aa7555428026a70afc33bc9) Importer(815301076,1909f56bfc062723c751e8b465ee728b)
Start importing Assets/Animation&Animators using Guid(9864a0172aa7555428026a70afc33bc9) Importer(815301076,1909f56bfc062723c751e8b465ee728b)  -> (artifact id: '3369f4dd79315d1e2ceb11023774edc6') in 0.004608 seconds 
  Import took 0.006962 seconds .

========================================================================
Received Import Request.
  Time since last request: 2385.012579 seconds.
  path: Assets/Animation&Animators/Animators
  artifactKey: Guid(d8859b23f31b23140bdfdddbf6d3246e) Importer(815301076,1909f56bfc062723c751e8b465ee728b)
Start importing Assets/Animation&Animators/Animators using Guid(d8859b23f31b23140bdfdddbf6d3246e) Importer(815301076,1909f56bfc062723c751e8b465ee728b)  -> (artifact id: '5f59940872caeb377ae91ed22447fd41') in 0.006089 seconds 
  Import took 0.008913 seconds .

========================================================================
Received Import Request.
  Time since last request: 1.301621 seconds.
  path: Assets/Animation&Animators/Animators 1
  artifactKey: Guid(d5b7a1495f44c3b4eb8d53d0501cac59) Importer(815301076,1909f56bfc062723c751e8b465ee728b)
Start importing Assets/Animation&Animators/Animators 1 using Guid(d5b7a1495f44c3b4eb8d53d0501cac59) Importer(815301076,1909f56bfc062723c751e8b465ee728b)  -> (artifact id: 'de747ba85c79d5d16f5054fe98a15ae7') in 0.003918 seconds 
  Import took 0.005928 seconds .

========================================================================
Received Import Request.
  Time since last request: 3.094727 seconds.
  path: Assets/Animation&Animators/Animations
  artifactKey: Guid(d5b7a1495f44c3b4eb8d53d0501cac59) Importer(815301076,1909f56bfc062723c751e8b465ee728b)
Start importing Assets/Animation&Animators/Animations using Guid(d5b7a1495f44c3b4eb8d53d0501cac59) Importer(815301076,1909f56bfc062723c751e8b465ee728b)  -> (artifact id: '63977c0324d2679ad3dc193e5acbe2c8') in 0.006707 seconds 
  Import took 0.008683 seconds .

========================================================================
Received Import Request.
  Time since last request: 11.288354 seconds.
  path: Assets/Animation&Animators/Animations/InfoIconPulse.anim
  artifactKey: Guid(3acf5aec1cb65374cb677b67f8909a11) Importer(815301076,1909f56bfc062723c751e8b465ee728b)
Start importing Assets/Animation&Animators/Animations/InfoIconPulse.anim using Guid(3acf5aec1cb65374cb677b67f8909a11) Importer(815301076,1909f56bfc062723c751e8b465ee728b)  -> (artifact id: '16fc9e1aa6558811dc5fec6c91b2090a') in 0.009760 seconds 
  Import took 0.011918 seconds .

========================================================================
Received Import Request.
  Time since last request: 65.894356 seconds.
  path: Assets/Animation&Animators/Animators/InfoIcon.controller
  artifactKey: Guid(4130f87656126074c8045e2e10369688) Importer(815301076,1909f56bfc062723c751e8b465ee728b)
Start importing Assets/Animation&Animators/Animators/InfoIcon.controller using Guid(4130f87656126074c8045e2e10369688) Importer(815301076,1909f56bfc062723c751e8b465ee728b)  -> (artifact id: 'c1696c5d55bcd2cd14a3c6329baa9267') in 0.007783 seconds 
  Import took 0.009957 seconds .

========================================================================
Received Import Request.
  Time since last request: 44.727700 seconds.
  path: Assets/Prefabs/SpotButton.prefab
  artifactKey: Guid(5bdec255b871f6c428a79f2797d97d9c) Importer(815301076,1909f56bfc062723c751e8b465ee728b)
Start importing Assets/Prefabs/SpotButton.prefab using Guid(5bdec255b871f6c428a79f2797d97d9c) Importer(815301076,1909f56bfc062723c751e8b465ee728b)  -> (artifact id: '9740e7865ac598e27a5762710ec9ba72') in 0.027409 seconds 
  Import took 0.029482 seconds .

========================================================================
Received Import Request.
  Time since last request: 19.202863 seconds.
  path: Assets/Animation&Animators/Animators/InfoIcon.controller
  artifactKey: Guid(4130f87656126074c8045e2e10369688) Importer(815301076,1909f56bfc062723c751e8b465ee728b)
Start importing Assets/Animation&Animators/Animators/InfoIcon.controller using Guid(4130f87656126074c8045e2e10369688) Importer(815301076,1909f56bfc062723c751e8b465ee728b)  -> (artifact id: '889800272c701184291b4debf583e02b') in 0.002490 seconds 
  Import took 0.004541 seconds .

========================================================================
Received Prepare
Registering precompiled user dll's ...
Registered in 0.001120 seconds.
Begin MonoManager ReloadAssembly
Native extension for WindowsStandalone target not found
Refreshing native plugins compatible for Editor in 0.26 ms, found 2 plugins.
Preloading 0 native plugins for Editor in 0.00 ms.
Mono: successfully reloaded assembly
- Completed reload, in  0.617 seconds
Domain Reload Profiling:
	ReloadAssembly (618ms)
		BeginReloadAssembly (78ms)
			ExecutionOrderSort (0ms)
			DisableScriptedObjects (3ms)
			BackupInstance (0ms)
			ReleaseScriptingObjects (0ms)
			CreateAndSetChildDomain (25ms)
		EndReloadAssembly (500ms)
			LoadAssemblies (54ms)
			RebuildTransferFunctionScriptingTraits (0ms)
			SetupTypeCache (167ms)
			ReleaseScriptCaches (1ms)
			RebuildScriptCaches (29ms)
			SetupLoadedEditorAssemblies (190ms)
				LogAssemblyErrors (0ms)
				InitializePlatformSupportModulesInManaged (3ms)
				SetLoadedEditorAssemblies (0ms)
				RefreshPlugins (0ms)
				BeforeProcessingInitializeOnLoad (49ms)
				ProcessInitializeOnLoadAttributes (130ms)
				ProcessInitializeOnLoadMethodAttributes (6ms)
				AfterProcessingInitializeOnLoad (1ms)
				EditorAssembliesLoaded (0ms)
			ExecutionOrderSort2 (0ms)
			AwakeInstancesAfterBackupRestoration (4ms)
Platform modules already initialized, skipping
Refreshing native plugins compatible for Editor in 0.26 ms, found 2 plugins.
Preloading 0 native plugins for Editor in 0.00 ms.
Unloading 1521 Unused Serialized files (Serialized files now loaded: 0)
System memory in use before: 73.5 MB.
System memory in use after: 73.6 MB.

Unloading 12 unused Assets to reduce memory usage. Loaded Objects now: 1991.
Total: 1.905700 ms (FindLiveObjects: 0.097500 ms CreateObjectMapping: 0.025500 ms MarkObjects: 1.759200 ms  DeleteObjects: 0.022300 ms)

AssetImportParameters requested are different than current active one (requested -> active):
  custom:framework-win-MediaFoundation: 216162199b28c13a410421893ffa2e32 -> 
  custom:video-decoder-ogg-theora: a1e56fd34408186e4bbccfd4996cb3dc -> 
  custom:container-muxer-webm: aa71ff27fc2769a1b78a27578f13a17b -> 
  custom:container-demuxer-webm: 4f35f7cbe854078d1ac9338744f61a02 -> 
  custom:container-demuxer-ogg: 62fdf1f143b41e24485cea50d1cbac27 -> 
  custom:video-encoder-webm-vp8: eb34c28f22e8b96e1ab97ce403110664 -> 
  custom:video-codec-MediaFoundation-h265: 746d11721c4dcdbdad8f713fa42b33f4 -> 
  custom:video-decoder-webm-vp8: 9c59270c3fd7afecdb556c50c9e8de78 -> 
  custom:audio-decoder-ogg-vorbis: bf7c407c2cedff20999df2af8eb42d56 -> 
  custom:audio-encoder-webm-vorbis: bf7c407c2cedff20999df2af8eb42d56 -> 
AssetImportWorkerClient::OnTransportError - code=2 error=End of file
